TN:
SF:static/js/i18n.tsx
FN:1,loadTranslations
FN:5,(anonymous_1)
FN:22,setCurrentLanguage
FN:27,getCurrentLanguge
FN:37,trans
FN:45,trans_obj
FN:54,trans_fallback
FN:69,trans_format
FNF:8
FNH:2
FNDA:1,loadTranslations
FNDA:0,(anonymous_1)
FNDA:0,setCurrentLanguage
FNDA:0,getCurrentLanguge
FNDA:1,trans
FNDA:0,trans_obj
FNDA:0,trans_fallback
FNDA:0,trans_format
DA:2,1
DA:3,1
DA:4,1
DA:5,0
DA:6,0
DA:7,0
DA:8,0
DA:14,1
DA:17,1
DA:19,1
DA:20,1
DA:23,0
DA:24,0
DA:28,0
DA:38,1
DA:46,0
DA:58,0
DA:59,0
DA:61,0
DA:70,0
DA:71,0
LF:21
LH:8
BRDA:7,0,0,0
BRDA:7,0,1,0
BRDA:20,1,0,0
BRDA:20,1,1,1
BRDA:20,2,0,1
BRDA:20,2,1,1
BRDA:20,3,0,0
BRDA:20,3,1,1
BRDA:20,4,0,1
BRDA:20,4,1,1
BRDA:38,5,0,0
BRDA:38,5,1,1
BRDA:38,6,0,1
BRDA:38,6,1,1
BRDA:46,7,0,0
BRDA:46,7,1,0
BRDA:46,8,0,0
BRDA:46,8,1,0
BRDA:46,9,0,0
BRDA:46,9,1,0
BRDA:58,10,0,0
BRDA:58,10,1,0
BRDA:61,11,0,0
BRDA:61,11,1,0
BRF:24
BRH:9
end_of_record
TN:
SF:static/js/metaformat.tsx
FN:1,lineIsDashes
FN:6,processBuf
FN:7,(anonymous_10)
FN:19,trimTabsAndSpaces
FN:24,tokenize
FN:30,flushItem
FN:73,serialize
FN:76,(anonymous_15)
FN:88,(anonymous_16)
FNF:9
FNH:9
FNDA:21,lineIsDashes
FNDA:7,processBuf
FNDA:14,(anonymous_10)
FNDA:7,trimTabsAndSpaces
FNDA:9,tokenize
FNDA:11,flushItem
FNDA:7,serialize
FNDA:7,(anonymous_15)
FNDA:7,(anonymous_16)
DA:2,21
DA:3,21
DA:7,14
DA:9,7
DA:10,7
DA:11,7
DA:12,4
DA:16,7
DA:20,7
DA:21,7
DA:25,9
DA:26,9
DA:27,9
DA:28,9
DA:31,11
DA:32,7
DA:33,7
DA:34,7
DA:38,9
DA:39,24
DA:40,24
DA:42,24
DA:43,2
DA:44,2
DA:45,22
DA:46,14
DA:47,4
DA:48,4
DA:49,3
DA:52,11
DA:54,8
DA:55,8
DA:56,21
DA:57,7
DA:58,7
DA:59,7
DA:60,3
DA:62,4
DA:63,4
DA:69,9
DA:70,9
DA:74,7
DA:76,7
DA:77,21
DA:78,7
DA:79,1
DA:81,7
DA:82,3
DA:83,3
DA:84,3
DA:85,3
DA:86,1
DA:88,3
DA:89,7
DA:92,4
DA:96,7
LF:56
LH:56
BRDA:3,0,0,21
BRDA:3,0,1,14
BRDA:7,1,0,3
BRDA:7,1,1,11
BRDA:9,2,0,7
BRDA:9,2,1,0
BRDA:11,3,0,4
BRDA:11,3,1,3
BRDA:21,4,0,7
BRDA:21,4,1,0
BRDA:31,5,0,7
BRDA:31,5,1,4
BRDA:40,6,0,24
BRDA:40,6,1,0
BRDA:42,7,0,2
BRDA:42,7,1,22
BRDA:45,8,0,14
BRDA:45,8,1,8
BRDA:46,9,0,4
BRDA:46,9,1,10
BRDA:48,10,0,3
BRDA:48,10,1,1
BRDA:55,11,0,7
BRDA:55,11,1,1
BRDA:59,12,0,3
BRDA:59,12,1,4
BRDA:78,13,0,1
BRDA:78,13,1,6
BRDA:81,14,0,3
BRDA:81,14,1,4
BRDA:85,15,0,1
BRDA:85,15,1,2
BRDA:89,16,0,1
BRDA:89,16,1,6
BRF:34
BRH:31
end_of_record
TN:
SF:static/js/slugify.ts
FN:376,slugify
FN:380,(anonymous_1)
FN:376,_loop
FN:390,(anonymous_3)
FNF:4
FNH:4
FNDA:6,slugify
FNDA:24,(anonymous_1)
FNDA:27,_loop
FNDA:27,(anonymous_3)
DA:2,1
DA:355,1
DA:369,1
DA:376,60
DA:377,6
DA:378,6
DA:379,6
DA:380,6
DA:381,24
DA:382,24
DA:383,6
DA:386,6
DA:387,27
DA:388,27
DA:389,27
DA:391,27
DA:392,27
DA:393,1
DA:394,1
DA:395,1
DA:396,52
DA:397,26
DA:401,26
DA:402,4
DA:405,27
DA:406,27
DA:408,27
DA:410,27
DA:414,6
DA:416,6
DA:418,6
LF:31
LH:31
BRDA:382,0,0,6
BRDA:382,0,1,18
BRDA:389,1,0,26
BRDA:389,1,1,1
BRDA:392,2,0,1
BRDA:392,2,1,26
BRDA:401,3,0,4
BRDA:401,3,1,22
BRDA:406,4,0,27
BRDA:406,4,1,0
BRF:10
BRH:9
end_of_record
TN:
SF:static/js/userLabel.tsx
FN:7,formatUserLabel
FNF:1
FNH:0
FNDA:0,formatUserLabel
DA:1,1
DA:2,1
DA:9,0
DA:11,0
DA:12,0
DA:15,0
DA:16,0
DA:17,0
DA:18,0
DA:19,0
DA:21,0
DA:24,0
LF:12
LH:2
BRDA:9,0,0,0
BRDA:9,0,1,0
BRDA:11,1,0,0
BRDA:11,1,1,0
BRDA:16,2,0,0
BRDA:16,2,1,0
BRDA:18,3,0,0
BRDA:18,3,1,0
BRDA:18,4,0,0
BRDA:18,4,1,0
BRF:10
BRH:0
end_of_record
TN:
SF:static/js/utils.tsx
FN:1,isValidUrl
FN:8,stripLeadingSlashes
FN:16,stripTrailingSlashes
FN:24,trimSlashes
FN:32,trimColons
FN:37,getCanonicalUrl
FN:42,urlPathsConsideredEqual
FN:49,getApiUrl
FN:53,getPlatform
FN:73,getKey
FN:77,keyboardShortcutHandler
FN:82,(anonymous_11)
FN:102,getParentFsPath
FN:107,fsToUrlPath
FN:116,urlToFsPath
FN:125,fsPathFromAdminObservedPath
FNF:16
FNH:7
FNDA:15,isValidUrl
FNDA:3,stripLeadingSlashes
FNDA:7,stripTrailingSlashes
FNDA:4,trimSlashes
FNDA:5,trimColons
FNDA:0,getCanonicalUrl
FNDA:4,urlPathsConsideredEqual
FNDA:0,getApiUrl
FNDA:0,getPlatform
FNDA:0,getKey
FNDA:0,keyboardShortcutHandler
FNDA:0,(anonymous_11)
FNDA:0,getParentFsPath
FNDA:0,fsToUrlPath
FNDA:3,urlToFsPath
FNDA:0,fsPathFromAdminObservedPath
DA:2,15
DA:9,3
DA:10,3
DA:17,7
DA:18,7
DA:25,4
DA:26,4
DA:33,5
DA:34,5
DA:38,0
DA:39,0
DA:43,4
DA:44,2
DA:46,2
DA:50,0
DA:54,0
DA:55,0
DA:56,0
DA:57,0
DA:58,0
DA:62,0
DA:64,0
DA:74,0
DA:81,0
DA:82,0
DA:83,0
DA:84,0
DA:85,0
DA:87,0
DA:88,0
DA:90,0
DA:91,0
DA:93,0
DA:94,0
DA:95,0
DA:97,0
DA:103,0
DA:104,0
DA:108,0
DA:109,0
DA:110,0
DA:112,0
DA:113,0
DA:117,3
DA:118,3
DA:119,0
DA:121,3
DA:122,3
DA:126,0
DA:127,0
DA:128,0
DA:130,0
LF:52
LH:16
BRDA:10,0,0,3
BRDA:10,0,1,0
BRDA:18,1,0,7
BRDA:18,1,1,0
BRDA:26,2,0,4
BRDA:26,2,1,0
BRDA:34,3,0,5
BRDA:34,3,1,0
BRDA:43,4,0,2
BRDA:43,4,1,2
BRDA:43,5,0,4
BRDA:43,5,1,3
BRDA:54,6,0,0
BRDA:54,6,1,0
BRDA:56,7,0,0
BRDA:56,7,1,0
BRDA:58,8,0,0
BRDA:58,8,1,0
BRDA:59,9,0,0
BRDA:59,9,1,0
BRDA:74,10,0,0
BRDA:74,10,1,0
BRDA:74,11,0,0
BRDA:74,11,1,0
BRDA:84,12,0,0
BRDA:84,12,1,0
BRDA:87,13,0,0
BRDA:87,13,1,0
BRDA:90,14,0,0
BRDA:90,14,1,0
BRDA:93,15,0,0
BRDA:93,15,1,0
BRDA:94,16,0,0
BRDA:94,16,1,0
BRDA:104,17,0,0
BRDA:104,17,1,0
BRDA:109,18,0,0
BRDA:109,18,1,0
BRDA:109,19,0,0
BRDA:109,19,1,0
BRDA:118,20,0,0
BRDA:118,20,1,3
BRDA:118,21,0,3
BRDA:118,21,1,3
BRDA:127,22,0,0
BRDA:127,22,1,0
BRF:46
BRH:11
end_of_record
TN:
SF:static/js/widgets.tsx
FN:48,FallbackWidget
FN:62,FieldBox
FN:70,onChange
FN:106,getWidgetComponent
FN:111,getWidgetComponentWithFallback
FN:121,getFieldColumns
FN:132,processFields
FN:137,(anonymous_8)
FN:157,splitFields
FN:161,(anonymous_10)
FN:175,FieldRows
FN:184,(anonymous_12)
FNF:12
FNH:1
FNDA:0,FallbackWidget
FNDA:0,FieldBox
FNDA:0,onChange
FNDA:0,getWidgetComponent
FNDA:0,getWidgetComponentWithFallback
FNDA:9,getFieldColumns
FNDA:0,processFields
FNDA:0,(anonymous_8)
FNDA:0,splitFields
FNDA:0,(anonymous_10)
FNDA:0,FieldRows
FNDA:0,(anonymous_12)
DA:1,1
DA:2,1
DA:3,1
DA:4,1
DA:5,1
DA:6,1
DA:7,1
DA:8,1
DA:9,1
DA:10,1
DA:11,1
DA:12,1
DA:13,1
DA:25,1
DA:27,1
DA:49,0
DA:62,1
DA:69,0
DA:70,0
DA:72,0
DA:74,0
DA:75,0
DA:76,0
DA:83,0
DA:87,0
DA:108,0
DA:115,0
DA:122,9
DA:123,9
DA:124,9
DA:133,0
DA:134,0
DA:135,0
DA:137,0
DA:138,0
DA:139,0
DA:140,0
DA:141,0
DA:142,0
DA:144,0
DA:145,0
DA:148,0
DA:149,0
DA:151,0
DA:158,0
DA:159,0
DA:161,0
DA:162,0
DA:163,0
DA:165,0
DA:169,0
DA:181,0
DA:182,0
DA:184,0
LF:54
LH:19
BRDA:75,0,0,0
BRDA:75,0,1,0
BRDA:84,1,0,0
BRDA:84,1,1,0
BRDA:90,2,0,0
BRDA:90,2,1,0
BRDA:97,3,0,0
BRDA:97,3,1,0
BRDA:97,4,0,0
BRDA:97,4,1,0
BRDA:108,5,0,0
BRDA:108,5,1,0
BRDA:115,6,0,0
BRDA:115,6,1,0
BRDA:122,7,0,9
BRDA:122,7,1,0
BRDA:125,8,0,2
BRDA:125,8,1,7
BRDA:139,9,0,0
BRDA:139,9,1,0
BRDA:148,10,0,0
BRDA:148,10,1,0
BRDA:162,11,0,0
BRDA:162,11,1,0
BRF:24
BRH:3
end_of_record
TN:
SF:static/js/components/RecordComponent.tsx
FN:4,getRecordPathAndAlt
FN:19,pathToAdminPage
FN:36,getRecordDetails
FN:55,getUrlRecordPathWithAlt
FNF:4
FNH:1
FNDA:4,getRecordPathAndAlt
FNDA:0,pathToAdminPage
FNDA:0,getRecordDetails
FNDA:0,getUrlRecordPathWithAlt
DA:2,1
DA:7,4
DA:8,1
DA:10,9
DA:11,3
DA:20,0
DA:37,0
DA:38,0
DA:59,0
DA:60,0
LF:10
LH:5
BRDA:7,0,0,1
BRDA:7,0,1,3
BRDA:40,1,0,0
BRDA:40,1,1,0
BRDA:59,2,0,0
BRDA:59,2,1,0
BRDA:60,3,0,0
BRDA:60,3,1,0
BRF:8
BRH:2
end_of_record
TN:
SF:static/js/components/ToggleGroup.tsx
FN:13,ToggleGroup
FN:21,toggle
FN:23,(anonymous_21)
FN:26,render
FNF:4
FNH:4
FNDA:3,ToggleGroup
FNDA:1,toggle
FNDA:1,(anonymous_21)
FNDA:4,render
DA:1,1
DA:13,6
DA:14,3
DA:15,3
DA:18,3
DA:22,1
DA:23,1
DA:27,4
DA:28,4
DA:29,4
DA:30,2
DA:32,2
DA:35,4
LF:13
LH:13
BRDA:28,0,0,4
BRDA:28,0,1,4
BRDA:29,1,0,2
BRDA:29,1,1,2
BRF:4
BRH:4
end_of_record
TN:
SF:static/js/widgets/BooleanInputWidget.tsx
FN:5,isTrue
FN:12,BooleanInputWidget
FN:18,onChange
FN:22,componentDidMount
FN:34,render
FNF:5
FNH:0
FNDA:0,isTrue
FNDA:0,BooleanInputWidget
FNDA:0,onChange
FNDA:0,componentDidMount
FNDA:0,render
DA:1,1
DA:3,1
DA:6,0
DA:12,0
DA:13,0
DA:14,0
DA:15,0
DA:19,0
DA:23,0
DA:24,0
DA:25,0
DA:26,0
DA:27,0
DA:29,0
DA:35,0
DA:37,0
LF:16
LH:2
BRDA:6,0,0,0
BRDA:6,0,1,0
BRDA:6,0,2,0
BRDA:19,1,0,0
BRDA:19,1,1,0
BRDA:24,2,0,0
BRDA:24,2,1,0
BRDA:25,3,0,0
BRDA:25,3,1,0
BRDA:25,4,0,0
BRDA:25,4,1,0
BRDA:49,5,0,0
BRDA:49,5,1,0
BRF:13
BRH:0
end_of_record
TN:
SF:static/js/widgets/CheckboxesInputWidget.tsx
FN:5,checkboxIsActive
FN:21,flipSetValue
FN:25,(anonymous_34)
FN:47,render
FN:50,onChangeHandler
FN:62,(anonymous_39)
FN:70,onChange
FN:32,serializeValue
FN:36,deserializeValue
FN:40,(anonymous_43)
FNF:10
FNH:0
FNDA:0,checkboxIsActive
FNDA:0,flipSetValue
FNDA:0,(anonymous_34)
FNDA:0,render
FNDA:0,onChangeHandler
FNDA:0,(anonymous_39)
FNDA:0,onChange
FNDA:0,serializeValue
FNDA:0,deserializeValue
FNDA:0,(anonymous_43)
DA:1,1
DA:2,1
DA:5,0
DA:6,0
DA:7,0
DA:8,0
DA:9,0
DA:10,0
DA:13,0
DA:14,0
DA:15,0
DA:18,0
DA:22,0
DA:23,0
DA:25,0
DA:33,0
DA:37,0
DA:38,0
DA:40,0
DA:41,0
DA:42,0
DA:44,0
DA:47,0
DA:48,0
DA:50,0
DA:54,0
DA:59,0
DA:62,0
DA:70,0
DA:76,0
LF:30
LH:2
BRDA:7,0,0,0
BRDA:7,0,1,0
BRDA:9,1,0,0
BRDA:9,1,1,0
BRDA:14,2,0,0
BRDA:14,2,1,0
BRDA:22,3,0,0
BRDA:22,3,1,0
BRDA:23,4,0,0
BRDA:23,4,1,0
BRDA:55,5,0,0
BRDA:55,5,1,0
BRDA:62,6,0,0
BRDA:62,6,1,0
BRDA:62,7,0,0
BRDA:62,7,1,0
BRDA:33,8,0,0
BRDA:33,8,1,0
BRDA:37,9,0,0
BRDA:37,9,1,0
BRDA:41,10,0,0
BRDA:41,10,1,0
BRDA:41,11,0,0
BRDA:41,11,1,0
BRF:24
BRH:0
end_of_record
TN:
SF:static/js/widgets/DateInputWidget.tsx
FN:6,parseInteger
FN:8,isValidDate
FN:19,validateDate
FN:41,pad
FN:43,postprocessDate
FN:55,DateInputWidget
FNF:6
FNH:5
FNDA:6,parseInteger
FNDA:5,isValidDate
FNDA:3,validateDate
FNDA:2,pad
FNDA:4,postprocessDate
FNDA:0,DateInputWidget
DA:1,1
DA:3,1
DA:4,1
DA:6,7
DA:9,5
DA:10,5
DA:17,1
DA:20,3
DA:21,1
DA:24,2
DA:25,2
DA:33,1
DA:36,1
DA:38,1
DA:41,3
DA:44,4
DA:45,4
DA:46,4
DA:47,1
DA:48,1
DA:49,1
DA:50,1
DA:52,3
DA:56,0
LF:24
LH:23
BRDA:11,0,0,5
BRDA:11,0,1,3
BRDA:11,0,2,3
BRDA:20,1,0,1
BRDA:20,1,1,2
BRDA:24,2,0,1
BRDA:24,2,1,1
BRDA:24,3,0,2
BRDA:24,3,1,1
BRDA:25,4,0,1
BRDA:25,4,1,1
BRDA:26,5,0,2
BRDA:26,5,1,1
BRDA:41,6,0,2
BRDA:41,6,1,0
BRDA:45,7,0,3
BRDA:45,7,1,1
BRDA:45,8,0,4
BRDA:45,8,1,1
BRDA:46,9,0,1
BRDA:46,9,1,3
BRF:21
BRH:20
end_of_record
TN:
SF:static/js/widgets/FloatInputWidget.tsx
FN:6,postprocessFloat
FN:10,validateFloat
FN:17,FloatInputWidget
FNF:3
FNH:0
FNDA:0,postprocessFloat
FNDA:0,validateFloat
FNDA:0,FloatInputWidget
DA:1,1
DA:3,1
DA:4,1
DA:7,0
DA:11,0
DA:12,0
DA:14,0
DA:18,0
LF:8
LH:3
BRDA:11,0,0,0
BRDA:11,0,1,0
BRDA:11,1,0,0
BRDA:11,1,1,0
BRF:4
BRH:0
end_of_record
TN:
SF:static/js/widgets/FlowWidget.tsx
FN:15,parseFlowFormat
FN:52,serializeFlowFormat
FN:54,(anonymous_44)
FN:56,(anonymous_45)
FN:91,deserializeFlowBlock
FN:99,(anonymous_47)
FN:105,(anonymous_48)
FN:120,serializeFlowBlock
FN:125,(anonymous_50)
FN:176,moveBlock
FN:191,removeBlock
FN:194,(anonymous_55)
FN:199,addNewBlock
FN:204,(anonymous_57)
FN:216,toggleBlock
FN:225,renderFormField
FN:235,setFieldValue
FN:254,renderBlocks
FN:256,(anonymous_62)
FN:321,render
FN:322,(anonymous_64)
FN:150,deserializeValue
FN:155,(anonymous_66)
FN:165,serializeValue
FN:167,(anonymous_68)
FNF:25
FNH:4
FNDA:2,parseFlowFormat
FNDA:2,serializeFlowFormat
FNDA:4,(anonymous_44)
FNDA:4,(anonymous_45)
FNDA:0,deserializeFlowBlock
FNDA:0,(anonymous_47)
FNDA:0,(anonymous_48)
FNDA:0,serializeFlowBlock
FNDA:0,(anonymous_50)
FNDA:0,moveBlock
FNDA:0,removeBlock
FNDA:0,(anonymous_55)
FNDA:0,addNewBlock
FNDA:0,(anonymous_57)
FNDA:0,toggleBlock
FNDA:0,renderFormField
FNDA:0,setFieldValue
FNDA:0,renderBlocks
FNDA:0,(anonymous_62)
FNDA:0,render
FNDA:0,(anonymous_64)
FNDA:0,deserializeValue
FNDA:0,(anonymous_66)
FNDA:0,serializeValue
FNDA:0,(anonymous_68)
DA:1,1
DA:2,1
DA:3,1
DA:4,1
DA:6,1
DA:15,6
DA:16,2
DA:17,2
DA:18,2
DA:19,2
DA:21,5
DA:23,5
DA:24,0
DA:27,5
DA:28,5
DA:29,3
DA:31,1
DA:34,2
DA:35,1
DA:36,1
DA:38,2
DA:39,2
DA:42,2
DA:45,1
DA:46,1
DA:49,1
DA:53,2
DA:54,12
DA:55,4
DA:56,4
DA:57,4
DA:61,2
DA:66,2
DA:96,0
DA:97,0
DA:99,0
DA:100,0
DA:101,0
DA:102,0
DA:105,0
DA:106,0
DA:107,0
DA:108,0
DA:109,0
DA:111,0
DA:112,0
DA:114,0
DA:117,0
DA:124,0
DA:125,0
DA:126,0
DA:127,0
DA:128,0
DA:131,0
DA:132,0
DA:133,0
DA:136,0
DA:138,0
DA:142,0
DA:144,0
DA:154,0
DA:155,0
DA:156,0
DA:157,0
DA:158,0
DA:159,0
DA:161,0
DA:166,0
DA:168,0
DA:177,0
DA:178,0
DA:179,0
DA:180,0
DA:183,0
DA:184,0
DA:185,0
DA:187,0
DA:192,0
DA:193,0
DA:194,0
DA:200,0
DA:201,0
DA:204,0
DA:205,0
DA:208,0
DA:212,0
DA:217,0
DA:218,0
DA:219,0
DA:220,0
DA:221,0
DA:225,0
DA:226,0
DA:228,0
DA:229,0
DA:230,0
DA:231,0
DA:232,0
DA:235,0
DA:236,0
DA:239,0
DA:242,0
DA:254,0
DA:255,0
DA:256,0
DA:258,0
DA:259,0
DA:262,0
DA:268,0
DA:270,0
DA:321,0
DA:322,0
DA:323,0
DA:324,0
DA:327,0
DA:340,0
LF:116
LH:32
BRDA:23,0,0,0
BRDA:23,0,1,5
BRDA:23,1,0,5
BRDA:23,1,1,2
BRDA:28,2,0,3
BRDA:28,2,1,2
BRDA:29,3,0,1
BRDA:29,3,1,2
BRDA:34,4,0,1
BRDA:34,4,1,1
BRDA:45,5,0,1
BRDA:45,5,1,0
BRDA:66,6,0,1
BRDA:66,6,1,1
BRDA:106,7,0,0
BRDA:106,7,1,0
BRDA:108,8,0,0
BRDA:108,8,1,0
BRDA:108,9,0,0
BRDA:108,9,1,0
BRDA:111,10,0,0
BRDA:111,10,1,0
BRDA:111,11,0,0
BRDA:111,11,1,0
BRDA:127,12,0,0
BRDA:127,12,1,0
BRDA:132,13,0,0
BRDA:132,13,1,0
BRDA:132,14,0,0
BRDA:132,14,1,0
BRDA:136,15,0,0
BRDA:136,15,1,0
BRDA:177,16,0,0
BRDA:177,16,1,0
BRDA:179,17,0,0
BRDA:179,17,1,0
BRDA:179,18,0,0
BRDA:179,18,1,0
BRDA:192,19,0,0
BRDA:192,19,1,0
BRDA:193,20,0,0
BRDA:193,20,1,0
BRDA:200,21,0,0
BRDA:200,21,1,0
BRDA:205,22,0,0
BRDA:205,22,1,0
BRDA:217,23,0,0
BRDA:217,23,1,0
BRDA:226,24,0,0
BRDA:226,24,1,0
BRDA:231,25,0,0
BRDA:231,25,1,0
BRDA:231,26,0,0
BRDA:231,26,1,0
BRDA:255,27,0,0
BRDA:255,27,1,0
BRDA:255,28,0,0
BRDA:255,28,1,0
BRDA:258,29,0,0
BRDA:258,29,1,0
BRDA:262,30,0,0
BRDA:262,30,1,0
BRDA:276,31,0,0
BRDA:276,31,1,0
BRDA:281,32,0,0
BRDA:281,32,1,0
BRDA:325,33,0,0
BRDA:325,33,1,0
BRDA:155,34,0,0
BRDA:155,34,1,0
BRDA:155,35,0,0
BRDA:155,35,1,0
BRDA:158,36,0,0
BRDA:158,36,1,0
BRF:74
BRH:12
end_of_record
TN:
SF:static/js/widgets/InputWidgetBase.tsx
FN:5,InputWidgetBase
FN:27,onChangeHandler
FN:36,setValidity
FNF:3
FNH:0
FNDA:0,InputWidgetBase
FNDA:0,onChangeHandler
FNDA:0,setValidity
DA:1,1
DA:2,1
DA:3,1
DA:24,0
DA:25,0
DA:26,0
DA:28,0
DA:29,0
DA:30,0
DA:32,0
DA:35,0
DA:36,0
DA:37,0
DA:39,0
DA:40,0
DA:41,0
DA:42,0
DA:45,0
DA:46,0
DA:47,0
DA:48,0
DA:49,0
DA:50,0
DA:53,0
LF:24
LH:3
BRDA:29,0,0,0
BRDA:29,0,1,0
BRDA:35,1,0,0
BRDA:35,1,1,0
BRDA:35,2,0,0
BRDA:35,2,1,0
BRDA:37,3,0,0
BRDA:37,3,1,0
BRDA:37,4,0,0
BRDA:37,4,1,0
BRDA:37,5,0,0
BRDA:37,5,1,0
BRDA:39,6,0,0
BRDA:39,6,1,0
BRDA:47,7,0,0
BRDA:47,7,1,0
BRDA:49,8,0,0
BRDA:49,8,1,0
BRDA:63,9,0,0
BRDA:63,9,1,0
BRDA:65,10,0,0
BRDA:65,10,1,0
BRF:22
BRH:0
end_of_record
TN:
SF:static/js/widgets/IntegerInputWidget.tsx
FN:6,postprocessInteger
FN:10,validateInteger
FN:17,IntegerInputWidget
FNF:3
FNH:0
FNDA:0,postprocessInteger
FNDA:0,validateInteger
FNDA:0,IntegerInputWidget
DA:1,1
DA:3,1
DA:4,1
DA:7,0
DA:11,0
DA:12,0
DA:14,0
DA:18,0
LF:8
LH:3
BRDA:11,0,0,0
BRDA:11,0,1,0
BRDA:11,1,0,0
BRDA:11,1,1,0
BRF:4
BRH:0
end_of_record
TN:
SF:static/js/widgets/MultiLineTextInputWidget.tsx
FN:13,MultiLineTextInputWidget
FN:20,onChange
FN:25,componentDidMount
FN:30,componentWillUnmount
FN:34,componentDidUpdate
FN:38,recalculateSize
FN:69,render
FNF:7
FNH:0
FNDA:0,MultiLineTextInputWidget
FNDA:0,onChange
FNDA:0,componentDidMount
FNDA:0,componentWillUnmount
FNDA:0,componentDidUpdate
FNDA:0,recalculateSize
FNDA:0,render
DA:1,1
DA:2,1
DA:4,1
DA:13,0
DA:14,0
DA:15,0
DA:16,0
DA:17,0
DA:21,0
DA:22,0
DA:26,0
DA:27,0
DA:31,0
DA:35,0
DA:39,0
DA:40,0
DA:41,0
DA:44,0
DA:46,0
DA:51,0
DA:54,0
DA:55,0
DA:57,0
DA:58,0
DA:59,0
DA:61,0
DA:62,0
DA:70,0
DA:72,0
LF:29
LH:3
BRDA:40,0,0,0
BRDA:40,0,1,0
BRDA:47,1,0,0
BRDA:47,1,1,0
BRDA:48,2,0,0
BRDA:48,2,1,0
BRDA:49,3,0,0
BRDA:49,3,1,0
BRDA:54,4,0,0
BRDA:54,4,1,0
BRDA:61,5,0,0
BRDA:61,5,1,0
BRF:12
BRH:0
end_of_record
TN:
SF:static/js/widgets/SelectInputWidget.tsx
FN:5,SelectInputWidget
FN:8,(anonymous_2)
FN:20,onChange
FNF:3
FNH:0
FNDA:0,SelectInputWidget
FNDA:0,(anonymous_2)
FNDA:0,onChange
DA:1,1
DA:2,1
DA:3,1
DA:6,0
DA:8,0
DA:14,0
DA:20,0
LF:7
LH:3
BRDA:8,0,0,0
BRDA:8,0,1,0
BRDA:8,1,0,0
BRDA:8,1,1,0
BRDA:19,2,0,0
BRDA:19,2,1,0
BRDA:19,2,2,0
BRF:7
BRH:0
end_of_record
TN:
SF:static/js/widgets/SingleLineTextInputWidget.tsx
FN:5,SingleLineTextInputWidget
FNF:1
FNH:0
FNDA:0,SingleLineTextInputWidget
DA:1,1
DA:3,1
DA:6,0
LF:3
LH:2
BRF:0
BRH:0
end_of_record
TN:
SF:static/js/widgets/SlugInputWidget.tsx
FN:5,postprocessSlug
FN:9,SlugInputWidget
FNF:2
FNH:0
FNDA:0,postprocessSlug
FNDA:0,SlugInputWidget
DA:1,1
DA:3,1
DA:6,0
DA:10,0
LF:4
LH:2
BRF:0
BRH:0
end_of_record
TN:
SF:static/js/widgets/UrlInputWidget.tsx
FN:7,validateUrl
FN:14,UrlInputWidget
FNF:2
FNH:0
FNDA:0,validateUrl
FNDA:0,UrlInputWidget
DA:1,1
DA:3,1
DA:4,1
DA:5,1
DA:8,0
DA:9,0
DA:11,0
DA:15,0
LF:8
LH:4
BRDA:8,0,0,0
BRDA:8,0,1,0
BRDA:8,1,0,0
BRDA:8,1,1,0
BRF:4
BRH:0
end_of_record
TN:
SF:static/js/widgets/fakeWidgets.tsx
FN:5,LineWidget
FN:10,SpacingWidget
FN:15,InfoWidget
FN:28,HeadingWidget
FNF:4
FNH:0
FNDA:0,LineWidget
FNDA:0,SpacingWidget
FNDA:0,InfoWidget
FNDA:0,HeadingWidget
DA:2,1
DA:3,1
DA:6,0
DA:8,1
DA:11,0
DA:13,1
DA:16,0
DA:17,0
DA:26,1
DA:29,0
DA:31,1
LF:11
LH:6
BRDA:20,0,0,0
BRDA:20,0,1,0
BRDA:29,1,0,0
BRDA:29,1,1,0
BRDA:29,2,0,0
BRDA:29,2,1,0
BRF:6
BRH:0
end_of_record
TN:
SF:static/js/widgets/types.ts
FN:55,getInputClass
FNF:1
FNH:0
FNDA:0,getInputClass
DA:56,0
DA:57,0
DA:58,0
DA:59,0
DA:60,0
DA:62,0
LF:6
LH:0
BRDA:57,0,0,0
BRDA:57,0,1,0
BRDA:59,1,0,0
BRDA:59,1,1,0
BRF:4
BRH:0
end_of_record
